\BOOKMARK [0][-]{chapter.1}{第1章 入寮にあたって}{}% 1
\BOOKMARK [1][-]{section.1.1}{1.1 熊野寮概要}{chapter.1}% 2
\BOOKMARK [1][-]{section.1.2}{1.2 募集要項}{chapter.1}% 3
\BOOKMARK [0][-]{chapter.2}{第2章 寮での生活}{}% 4
\BOOKMARK [1][-]{section.2.1}{2.1 寮食堂と寮生}{chapter.2}% 5
\BOOKMARK [1][-]{section.2.2}{2.2 音楽室}{chapter.2}% 6
\BOOKMARK [1][-]{section.2.3}{2.3 イベントカレンダー}{chapter.2}% 7
\BOOKMARK [1][-]{section.2.4}{2.4 くまのまつり \204春の地域祭り}{chapter.2}% 8
\BOOKMARK [1][-]{section.2.5}{2.5 熊野寮祭 \204厳冬の奇祭}{chapter.2}% 9
\BOOKMARK [0][-]{chapter.3}{第3章 寮と大学と自治}{}% 10
\BOOKMARK [1][-]{section.3.1}{3.1 自治とは何か}{chapter.3}% 11
\BOOKMARK [1][-]{section.3.2}{3.2 大学当局との確約 \040団体交渉}{chapter.3}% 12
\BOOKMARK [1][-]{section.3.3}{3.3 厨房労働者の雇用形態と人件費負担について}{chapter.3}% 13
\BOOKMARK [1][-]{section.3.4}{3.4 ガサにまつわる大学と寮自治会の立場}{chapter.3}% 14
\BOOKMARK [1][-]{section.3.5}{3.5 ガサについて抗議すべき点}{chapter.3}% 15
\BOOKMARK [0][-]{chapter.4}{第4章 寮生の生態}{}% 16
\BOOKMARK [1][-]{section.4.1}{4.1 寮生の1日}{chapter.4}% 17
\BOOKMARK [1][-]{section.4.2}{4.2 座談会コーナー}{chapter.4}% 18
\BOOKMARK [0][-]{chapter.5}{第5章 寮生の声}{}% 19
\BOOKMARK [1][-]{section.5.1}{5.1 寮食と寮生活}{chapter.5}% 20
\BOOKMARK [1][-]{section.5.2}{5.2 <陳謝> タイトル思いつきませんでした}{chapter.5}% 21
\BOOKMARK [1][-]{section.5.3}{5.3 このパンフのあれこれ}{chapter.5}% 22
\BOOKMARK [1][-]{section.5.4}{5.4 元寮生の声 \204寮生活を振り返って}{chapter.5}% 23
\BOOKMARK [1][-]{section.5.5}{5.5 転学部 < 並びに留年 休学 > \040のすすめ}{chapter.5}% 24
\BOOKMARK [1][-]{section.5.6}{5.6 B3どきどき \040ディアスポラ! }{chapter.5}% 25
\BOOKMARK [1][-]{section.5.7}{5.7 ミール奴隷解放宣言 ! !}{chapter.5}% 26
\BOOKMARK [1][-]{section.5.8}{5.8 熊野寮で始める１カ月5万円生活}{chapter.5}% 27
\BOOKMARK [1][-]{section.5.9}{5.9 寮議論で現れがちな論者KUMANaverまとめ}{chapter.5}% 28
\BOOKMARK [0][-]{chapter.6}{第6章 寮生の声 \204過去の傑作選}{}% 29
\BOOKMARK [0][-]{chapter.7}{第7章 FAQ \205 熊野寮生だけど質問ある?}{}% 30
